<?xml version="1.0" encoding="UTF-8"?>
<!-- Generated by org.testng.reporters.JUnitReportReporter -->
<testsuite hostname="Anupam" failures="0" tests="2" name="com.crm.pom.vtiger.DataProviderTest" time="0.016" errors="0" timestamp="2022-08-05T14:34:37 IST" skipped="0">
  <testcase classname="com.crm.pom.vtiger.DataProviderTest" name="amazon" time="0.005"/>
  <system-out/>
  <testcase classname="com.crm.pom.vtiger.DataProviderTest" name="amazon" time="0.011"/>
  <system-out/>
</testsuite> <!-- com.crm.pom.vtiger.DataProviderTest -->
